0 info it worked if it ends with ok
1 verbose cli [ 'C:\\Program Files\\nodejs\\node.exe',
1 verbose cli   'C:\\Program Files\\nodejs\\node_modules\\npm\\bin\\npm-cli.js',
1 verbose cli   'install',
1 verbose cli   'metadata-json',
1 verbose cli   '--python=c:\\dev\\Python27\\Python.exe' ]
2 info using npm@3.10.3
3 info using node@v6.3.0
4 silly loadCurrentTree Starting
5 silly install loadCurrentTree
6 silly install readLocalPackageData
7 silly fetchPackageMetaData metadata-json
8 silly fetchNamedPackageData metadata-json
9 silly mapToRegistry name metadata-json
10 silly mapToRegistry using default registry
11 silly mapToRegistry registry https://registry.npmjs.org/
12 silly mapToRegistry data Result {
12 silly mapToRegistry   raw: 'metadata-json',
12 silly mapToRegistry   scope: null,
12 silly mapToRegistry   escapedName: 'metadata-json',
12 silly mapToRegistry   name: 'metadata-json',
12 silly mapToRegistry   rawSpec: '',
12 silly mapToRegistry   spec: 'latest',
12 silly mapToRegistry   type: 'tag' }
13 silly mapToRegistry uri https://registry.npmjs.org/metadata-json
14 verbose request uri https://registry.npmjs.org/metadata-json
15 verbose request no auth needed
16 info attempt registry request try #1 at 11:06:40 AM
17 verbose request id e1f6e0021d82b664
18 verbose etag W/"581849eb-ce92"
19 verbose lastModified Tue, 01 Nov 2016 07:53:15 GMT
20 http request GET https://registry.npmjs.org/metadata-json
21 http 304 https://registry.npmjs.org/metadata-json
22 verbose headers { date: 'Thu, 01 Jun 2017 10:06:40 GMT',
22 verbose headers   via: '1.1 varnish',
22 verbose headers   'cache-control': 'max-age=300',
22 verbose headers   etag: 'W/"581849eb-ce92"',
22 verbose headers   age: '56',
22 verbose headers   connection: 'keep-alive',
22 verbose headers   'x-served-by': 'cache-lcy1136-LCY',
22 verbose headers   'x-cache': 'HIT',
22 verbose headers   'x-cache-hits': '1',
22 verbose headers   'x-timer': 'S1496311601.932549,VS0,VE0',
22 verbose headers   vary: 'Accept-Encoding' }
23 silly get cb [ 304,
23 silly get   { date: 'Thu, 01 Jun 2017 10:06:40 GMT',
23 silly get     via: '1.1 varnish',
23 silly get     'cache-control': 'max-age=300',
23 silly get     etag: 'W/"581849eb-ce92"',
23 silly get     age: '56',
23 silly get     connection: 'keep-alive',
23 silly get     'x-served-by': 'cache-lcy1136-LCY',
23 silly get     'x-cache': 'HIT',
23 silly get     'x-cache-hits': '1',
23 silly get     'x-timer': 'S1496311601.932549,VS0,VE0',
23 silly get     vary: 'Accept-Encoding' } ]
24 verbose etag https://registry.npmjs.org/metadata-json from cache
25 verbose get saving metadata-json to C:\Users\stephen.mcfadden\AppData\Roaming\npm-cache\registry.npmjs.org\metadata-json\.cache.json
26 verbose correctMkdir C:\Users\stephen.mcfadden\AppData\Roaming\npm-cache correctMkdir not in flight; initializing
27 silly install normalizeTree
28 silly loadCurrentTree Finishing
29 silly loadIdealTree Starting
30 silly install loadIdealTree
31 silly cloneCurrentTree Starting
32 silly install cloneCurrentTreeToIdealTree
33 silly cloneCurrentTree Finishing
34 silly loadShrinkwrap Starting
35 silly install loadShrinkwrap
36 silly loadShrinkwrap Finishing
37 silly loadAllDepsIntoIdealTree Starting
38 silly install loadAllDepsIntoIdealTree
39 silly resolveWithNewModule metadata-json@0.9.11 checking installable status
40 silly cache add args [ 'metadata-json', null ]
41 verbose cache add spec metadata-json
42 silly cache add parsed spec Result {
42 silly cache add   raw: 'metadata-json',
42 silly cache add   scope: null,
42 silly cache add   escapedName: 'metadata-json',
42 silly cache add   name: 'metadata-json',
42 silly cache add   rawSpec: '',
42 silly cache add   spec: 'latest',
42 silly cache add   type: 'tag' }
43 silly addNamed metadata-json@latest
44 verbose addNamed "latest" is being treated as a dist-tag for metadata-json
45 info addNameTag [ 'metadata-json', 'latest' ]
46 silly mapToRegistry name metadata-json
47 silly mapToRegistry using default registry
48 silly mapToRegistry registry https://registry.npmjs.org/
49 silly mapToRegistry data Result {
49 silly mapToRegistry   raw: 'metadata-json',
49 silly mapToRegistry   scope: null,
49 silly mapToRegistry   escapedName: 'metadata-json',
49 silly mapToRegistry   name: 'metadata-json',
49 silly mapToRegistry   rawSpec: '',
49 silly mapToRegistry   spec: 'latest',
49 silly mapToRegistry   type: 'tag' }
50 silly mapToRegistry uri https://registry.npmjs.org/metadata-json
51 verbose addNameTag registry:https://registry.npmjs.org/metadata-json not in flight; fetching
52 verbose get https://registry.npmjs.org/metadata-json not expired, no request
53 silly addNameTag next cb for metadata-json with tag latest
54 silly addNamed metadata-json@0.9.11
55 verbose addNamed "0.9.11" is a plain semver version for metadata-json
56 silly cache afterAdd metadata-json@0.9.11
57 verbose afterAdd C:\Users\stephen.mcfadden\AppData\Roaming\npm-cache\metadata-json\0.9.11\package\package.json not in flight; writing
58 verbose correctMkdir C:\Users\stephen.mcfadden\AppData\Roaming\npm-cache correctMkdir not in flight; initializing
59 verbose afterAdd C:\Users\stephen.mcfadden\AppData\Roaming\npm-cache\metadata-json\0.9.11\package\package.json written
60 silly fetchNamedPackageData canvas
61 silly mapToRegistry name canvas
62 silly mapToRegistry using default registry
63 silly mapToRegistry registry https://registry.npmjs.org/
64 silly mapToRegistry data Result {
64 silly mapToRegistry   raw: 'canvas',
64 silly mapToRegistry   scope: null,
64 silly mapToRegistry   escapedName: 'canvas',
64 silly mapToRegistry   name: 'canvas',
64 silly mapToRegistry   rawSpec: '',
64 silly mapToRegistry   spec: 'latest',
64 silly mapToRegistry   type: 'tag' }
65 silly mapToRegistry uri https://registry.npmjs.org/canvas
66 verbose request uri https://registry.npmjs.org/canvas
67 verbose request no auth needed
68 info attempt registry request try #1 at 11:06:41 AM
69 verbose etag W/"59286fd8-20d7f"
70 verbose lastModified Fri, 26 May 2017 18:11:36 GMT
71 http request GET https://registry.npmjs.org/canvas
72 http 304 https://registry.npmjs.org/canvas
73 verbose headers { date: 'Thu, 01 Jun 2017 10:06:41 GMT',
73 verbose headers   via: '1.1 varnish',
73 verbose headers   'cache-control': 'max-age=300',
73 verbose headers   etag: 'W/"59286fd8-20d7f"',
73 verbose headers   age: '262',
73 verbose headers   connection: 'keep-alive',
73 verbose headers   'x-served-by': 'cache-lcy1136-LCY',
73 verbose headers   'x-cache': 'HIT',
73 verbose headers   'x-cache-hits': '1',
73 verbose headers   'x-timer': 'S1496311601.147829,VS0,VE1',
73 verbose headers   vary: 'Accept-Encoding' }
74 silly get cb [ 304,
74 silly get   { date: 'Thu, 01 Jun 2017 10:06:41 GMT',
74 silly get     via: '1.1 varnish',
74 silly get     'cache-control': 'max-age=300',
74 silly get     etag: 'W/"59286fd8-20d7f"',
74 silly get     age: '262',
74 silly get     connection: 'keep-alive',
74 silly get     'x-served-by': 'cache-lcy1136-LCY',
74 silly get     'x-cache': 'HIT',
74 silly get     'x-cache-hits': '1',
74 silly get     'x-timer': 'S1496311601.147829,VS0,VE1',
74 silly get     vary: 'Accept-Encoding' } ]
75 verbose etag https://registry.npmjs.org/canvas from cache
76 verbose get saving canvas to C:\Users\stephen.mcfadden\AppData\Roaming\npm-cache\registry.npmjs.org\canvas\.cache.json
77 verbose correctMkdir C:\Users\stephen.mcfadden\AppData\Roaming\npm-cache correctMkdir not in flight; initializing
78 silly resolveWithNewModule canvas@1.3.12 checking installable status
79 silly cache add args [ 'canvas@1.3.12', null ]
80 verbose cache add spec canvas@1.3.12
81 silly cache add parsed spec Result {
81 silly cache add   raw: 'canvas@1.3.12',
81 silly cache add   scope: null,
81 silly cache add   escapedName: 'canvas',
81 silly cache add   name: 'canvas',
81 silly cache add   rawSpec: '1.3.12',
81 silly cache add   spec: '1.3.12',
81 silly cache add   type: 'version' }
82 silly addNamed canvas@1.3.12
83 verbose addNamed "1.3.12" is a plain semver version for canvas
84 silly mapToRegistry name canvas
85 silly mapToRegistry using default registry
86 silly mapToRegistry registry https://registry.npmjs.org/
87 silly mapToRegistry data Result {
87 silly mapToRegistry   raw: 'canvas',
87 silly mapToRegistry   scope: null,
87 silly mapToRegistry   escapedName: 'canvas',
87 silly mapToRegistry   name: 'canvas',
87 silly mapToRegistry   rawSpec: '',
87 silly mapToRegistry   spec: 'latest',
87 silly mapToRegistry   type: 'tag' }
88 silly mapToRegistry uri https://registry.npmjs.org/canvas
89 verbose addNameVersion registry:https://registry.npmjs.org/canvas not in flight; fetching
90 verbose get https://registry.npmjs.org/canvas not expired, no request
91 silly cache afterAdd canvas@1.3.12
92 verbose afterAdd C:\Users\stephen.mcfadden\AppData\Roaming\npm-cache\canvas\1.3.12\package\package.json not in flight; writing
93 verbose correctMkdir C:\Users\stephen.mcfadden\AppData\Roaming\npm-cache correctMkdir not in flight; initializing
94 verbose afterAdd C:\Users\stephen.mcfadden\AppData\Roaming\npm-cache\canvas\1.3.12\package\package.json written
95 silly fetchNamedPackageData nan
96 silly mapToRegistry name nan
97 silly mapToRegistry using default registry
98 silly mapToRegistry registry https://registry.npmjs.org/
99 silly mapToRegistry data Result {
99 silly mapToRegistry   raw: 'nan',
99 silly mapToRegistry   scope: null,
99 silly mapToRegistry   escapedName: 'nan',
99 silly mapToRegistry   name: 'nan',
99 silly mapToRegistry   rawSpec: '',
99 silly mapToRegistry   spec: 'latest',
99 silly mapToRegistry   type: 'tag' }
100 silly mapToRegistry uri https://registry.npmjs.org/nan
101 verbose request uri https://registry.npmjs.org/nan
102 verbose request no auth needed
103 info attempt registry request try #1 at 11:06:41 AM
104 verbose etag W/"592dfb8f-1f9f8"
105 verbose lastModified Tue, 30 May 2017 23:09:03 GMT
106 http request GET https://registry.npmjs.org/nan
107 http 304 https://registry.npmjs.org/nan
108 verbose headers { date: 'Thu, 01 Jun 2017 10:06:41 GMT',
108 verbose headers   via: '1.1 varnish',
108 verbose headers   'cache-control': 'max-age=300',
108 verbose headers   etag: 'W/"592dfb8f-1f9f8"',
108 verbose headers   age: '91',
108 verbose headers   connection: 'keep-alive',
108 verbose headers   'x-served-by': 'cache-lcy1136-LCY',
108 verbose headers   'x-cache': 'HIT',
108 verbose headers   'x-cache-hits': '1',
108 verbose headers   'x-timer': 'S1496311601.213171,VS0,VE1',
108 verbose headers   vary: 'Accept-Encoding' }
109 silly get cb [ 304,
109 silly get   { date: 'Thu, 01 Jun 2017 10:06:41 GMT',
109 silly get     via: '1.1 varnish',
109 silly get     'cache-control': 'max-age=300',
109 silly get     etag: 'W/"592dfb8f-1f9f8"',
109 silly get     age: '91',
109 silly get     connection: 'keep-alive',
109 silly get     'x-served-by': 'cache-lcy1136-LCY',
109 silly get     'x-cache': 'HIT',
109 silly get     'x-cache-hits': '1',
109 silly get     'x-timer': 'S1496311601.213171,VS0,VE1',
109 silly get     vary: 'Accept-Encoding' } ]
110 verbose etag https://registry.npmjs.org/nan from cache
111 verbose get saving nan to C:\Users\stephen.mcfadden\AppData\Roaming\npm-cache\registry.npmjs.org\nan\.cache.json
112 verbose correctMkdir C:\Users\stephen.mcfadden\AppData\Roaming\npm-cache correctMkdir not in flight; initializing
113 silly resolveWithNewModule nan@2.6.2 checking installable status
114 silly cache add args [ 'nan@^2.1.0', null ]
115 verbose cache add spec nan@^2.1.0
116 silly cache add parsed spec Result {
116 silly cache add   raw: 'nan@^2.1.0',
116 silly cache add   scope: null,
116 silly cache add   escapedName: 'nan',
116 silly cache add   name: 'nan',
116 silly cache add   rawSpec: '^2.1.0',
116 silly cache add   spec: '>=2.1.0 <3.0.0',
116 silly cache add   type: 'range' }
117 silly addNamed nan@>=2.1.0 <3.0.0
118 verbose addNamed ">=2.1.0 <3.0.0" is a valid semver range for nan
119 silly addNameRange { name: 'nan', range: '>=2.1.0 <3.0.0', hasData: false }
120 silly mapToRegistry name nan
121 silly mapToRegistry using default registry
122 silly mapToRegistry registry https://registry.npmjs.org/
123 silly mapToRegistry data Result {
123 silly mapToRegistry   raw: 'nan',
123 silly mapToRegistry   scope: null,
123 silly mapToRegistry   escapedName: 'nan',
123 silly mapToRegistry   name: 'nan',
123 silly mapToRegistry   rawSpec: '',
123 silly mapToRegistry   spec: 'latest',
123 silly mapToRegistry   type: 'tag' }
124 silly mapToRegistry uri https://registry.npmjs.org/nan
125 verbose addNameRange registry:https://registry.npmjs.org/nan not in flight; fetching
126 verbose get https://registry.npmjs.org/nan not expired, no request
127 silly addNameRange number 2 { name: 'nan', range: '>=2.1.0 <3.0.0', hasData: true }
128 silly addNameRange versions [ 'nan',
128 silly addNameRange   [ '0.3.0-wip',
128 silly addNameRange     '0.3.0-wip2',
128 silly addNameRange     '0.3.0',
128 silly addNameRange     '0.3.1',
128 silly addNameRange     '0.3.2',
128 silly addNameRange     '0.4.0',
128 silly addNameRange     '0.4.1',
128 silly addNameRange     '0.4.2',
128 silly addNameRange     '0.4.3',
128 silly addNameRange     '0.4.4',
128 silly addNameRange     '0.5.0',
128 silly addNameRange     '0.5.1',
128 silly addNameRange     '0.5.2',
128 silly addNameRange     '0.6.0',
128 silly addNameRange     '0.7.0',
128 silly addNameRange     '0.7.1',
128 silly addNameRange     '0.8.0',
128 silly addNameRange     '1.0.0',
128 silly addNameRange     '1.1.0',
128 silly addNameRange     '1.1.1',
128 silly addNameRange     '1.1.2',
128 silly addNameRange     '1.2.0',
128 silly addNameRange     '1.3.0',
128 silly addNameRange     '1.4.0',
128 silly addNameRange     '1.4.1',
128 silly addNameRange     '1.5.0',
128 silly addNameRange     '1.4.2',
128 silly addNameRange     '1.4.3',
128 silly addNameRange     '1.5.1',
128 silly addNameRange     '1.5.2',
128 silly addNameRange     '1.6.0',
128 silly addNameRange     '1.5.3',
128 silly addNameRange     '1.6.1',
128 silly addNameRange     '1.6.2',
128 silly addNameRange     '1.7.0',
128 silly addNameRange     '1.8.0',
128 silly addNameRange     '1.8.1',
128 silly addNameRange     '1.8.2',
128 silly addNameRange     '1.8.3',
128 silly addNameRange     '1.8.4',
128 silly addNameRange     '1.9.0',
128 silly addNameRange     '2.0.0',
128 silly addNameRange     '2.0.1',
128 silly addNameRange     '2.0.2',
128 silly addNameRange     '2.0.3',
128 silly addNameRange     '2.0.4',
128 silly addNameRange     '2.0.5',
128 silly addNameRange     '2.0.6',
128 silly addNameRange     '2.0.7',
128 silly addNameRange     '2.0.8',
128 silly addNameRange     '2.0.9',
128 silly addNameRange     '2.1.0',
128 silly addNameRange     '2.2.0',
128 silly addNameRange     '2.2.1',
128 silly addNameRange     '2.3.0',
128 silly addNameRange     '2.3.1',
128 silly addNameRange     '2.3.2',
128 silly addNameRange     '2.3.3',
128 silly addNameRange     '2.3.4',
128 silly addNameRange     '2.3.5',
128 silly addNameRange     '2.4.0',
128 silly addNameRange     '2.5.0',
128 silly addNameRange     '2.5.1',
128 silly addNameRange     '2.6.0',
128 silly addNameRange     '2.6.1',
128 silly addNameRange     '2.6.2' ] ]
129 silly addNamed nan@2.6.2
130 verbose addNamed "2.6.2" is a plain semver version for nan
131 silly cache afterAdd nan@2.6.2
132 verbose afterAdd C:\Users\stephen.mcfadden\AppData\Roaming\npm-cache\nan\2.6.2\package\package.json not in flight; writing
133 verbose correctMkdir C:\Users\stephen.mcfadden\AppData\Roaming\npm-cache correctMkdir not in flight; initializing
134 verbose afterAdd C:\Users\stephen.mcfadden\AppData\Roaming\npm-cache\nan\2.6.2\package\package.json written
135 silly loadAllDepsIntoIdealTree Finishing
136 silly loadIdealTree Finishing
137 silly currentTree rdss-canonical-data-model
137 silly currentTree +-- abbrev@1.1.0
137 silly currentTree +-- balanced-match@0.4.2
137 silly currentTree +-- brace-expansion@1.1.7
137 silly currentTree +-- concat-map@0.0.1
137 silly currentTree +-- ejs@1.0.0
137 silly currentTree +-- escape-html@1.0.1
137 silly currentTree +-- fs-extra@0.12.0
137 silly currentTree +-- fs.realpath@1.0.0
137 silly currentTree +-- glob@7.1.2
137 silly currentTree +-- graceful-fs@4.1.11
137 silly currentTree +-- inflight@1.0.6
137 silly currentTree +-- inherits@2.0.3
137 silly currentTree +-- jsonfile@2.4.0
137 silly currentTree +-- linebreak@0.1.2
137 silly currentTree +-- markdown@0.5.0
137 silly currentTree +-- minimatch@3.0.4
137 silly currentTree +-- minimist@0.0.8
137 silly currentTree +-- mkdirp@0.5.1
137 silly currentTree +-- ncp@0.6.0
137 silly currentTree +-- nopt@2.1.2
137 silly currentTree +-- once@1.4.0
137 silly currentTree +-- path-is-absolute@1.0.1
137 silly currentTree +-- pdfkit@0.7.1
137 silly currentTree +-- png-js@0.1.1
137 silly currentTree +-- requirejs@2.1.15
137 silly currentTree +-- rimraf@2.6.1
137 silly currentTree +-- underscore@1.7.0
137 silly currentTree +-- unicode-trie@0.1.2
137 silly currentTree `-- wrappy@1.0.2
138 silly idealTree rdss-canonical-data-model
138 silly idealTree +-- abbrev@1.1.0
138 silly idealTree +-- balanced-match@0.4.2
138 silly idealTree +-- brace-expansion@1.1.7
138 silly idealTree +-- canvas@1.3.12
138 silly idealTree +-- concat-map@0.0.1
138 silly idealTree +-- ejs@1.0.0
138 silly idealTree +-- escape-html@1.0.1
138 silly idealTree +-- fs-extra@0.12.0
138 silly idealTree +-- fs.realpath@1.0.0
138 silly idealTree +-- glob@7.1.2
138 silly idealTree +-- graceful-fs@4.1.11
138 silly idealTree +-- inflight@1.0.6
138 silly idealTree +-- inherits@2.0.3
138 silly idealTree +-- jsonfile@2.4.0
138 silly idealTree +-- linebreak@0.1.2
138 silly idealTree +-- markdown@0.5.0
138 silly idealTree +-- metadata-json@0.9.11
138 silly idealTree +-- minimatch@3.0.4
138 silly idealTree +-- minimist@0.0.8
138 silly idealTree +-- mkdirp@0.5.1
138 silly idealTree +-- nan@2.6.2
138 silly idealTree +-- ncp@0.6.0
138 silly idealTree +-- nopt@2.1.2
138 silly idealTree +-- once@1.4.0
138 silly idealTree +-- path-is-absolute@1.0.1
138 silly idealTree +-- pdfkit@0.7.1
138 silly idealTree +-- png-js@0.1.1
138 silly idealTree +-- requirejs@2.1.15
138 silly idealTree +-- rimraf@2.6.1
138 silly idealTree +-- underscore@1.7.0
138 silly idealTree +-- unicode-trie@0.1.2
138 silly idealTree `-- wrappy@1.0.2
139 silly generateActionsToTake Starting
140 silly install generateActionsToTake
141 silly generateActionsToTake Finishing
142 silly diffTrees action count 3
143 silly diffTrees add nan@2.6.2
144 silly diffTrees add canvas@1.3.12
145 silly diffTrees add metadata-json@0.9.11
146 silly decomposeActions action count 24
147 silly decomposeActions fetch nan@2.6.2
148 silly decomposeActions extract nan@2.6.2
149 silly decomposeActions test nan@2.6.2
150 silly decomposeActions preinstall nan@2.6.2
151 silly decomposeActions build nan@2.6.2
152 silly decomposeActions install nan@2.6.2
153 silly decomposeActions postinstall nan@2.6.2
154 silly decomposeActions finalize nan@2.6.2
155 silly decomposeActions fetch canvas@1.3.12
156 silly decomposeActions extract canvas@1.3.12
157 silly decomposeActions test canvas@1.3.12
158 silly decomposeActions preinstall canvas@1.3.12
159 silly decomposeActions build canvas@1.3.12
160 silly decomposeActions install canvas@1.3.12
161 silly decomposeActions postinstall canvas@1.3.12
162 silly decomposeActions finalize canvas@1.3.12
163 silly decomposeActions fetch metadata-json@0.9.11
164 silly decomposeActions extract metadata-json@0.9.11
165 silly decomposeActions test metadata-json@0.9.11
166 silly decomposeActions preinstall metadata-json@0.9.11
167 silly decomposeActions build metadata-json@0.9.11
168 silly decomposeActions install metadata-json@0.9.11
169 silly decomposeActions postinstall metadata-json@0.9.11
170 silly decomposeActions finalize metadata-json@0.9.11
171 silly executeActions Starting
172 silly install executeActions
173 silly doSerial global-install 0
174 silly doParallel fetch 3
175 verbose correctMkdir C:\Users\stephen.mcfadden\AppData\Roaming\npm-cache\_locks correctMkdir not in flight; initializing
176 verbose lock using C:\Users\stephen.mcfadden\AppData\Roaming\npm-cache\_locks\staging-500752f70819daa3.lock for C:\dev\git\jisc-rdss\rdss-canonical-data-model\node_modules\.staging
177 silly doParallel extract 3
178 silly extract nan@2.6.2
179 silly extract canvas@1.3.12
180 silly extract metadata-json@0.9.11
181 verbose unbuild node_modules\.staging\nan-6c99318a
182 verbose unbuild node_modules\.staging\canvas-1c9ce562
183 verbose unbuild node_modules\.staging\metadata-json-3b6dc8af
184 silly gentlyRm C:\dev\git\jisc-rdss\rdss-canonical-data-model\node_modules\.staging\nan-6c99318a is being purged from base C:\dev\git\jisc-rdss\rdss-canonical-data-model
185 verbose gentlyRm don't care about contents; nuking C:\dev\git\jisc-rdss\rdss-canonical-data-model\node_modules\.staging\nan-6c99318a
186 silly gentlyRm C:\dev\git\jisc-rdss\rdss-canonical-data-model\node_modules\.staging\canvas-1c9ce562 is being purged from base C:\dev\git\jisc-rdss\rdss-canonical-data-model
187 verbose gentlyRm don't care about contents; nuking C:\dev\git\jisc-rdss\rdss-canonical-data-model\node_modules\.staging\canvas-1c9ce562
188 silly gentlyRm C:\dev\git\jisc-rdss\rdss-canonical-data-model\node_modules\.staging\metadata-json-3b6dc8af is being purged from base C:\dev\git\jisc-rdss\rdss-canonical-data-model
189 verbose gentlyRm don't care about contents; nuking C:\dev\git\jisc-rdss\rdss-canonical-data-model\node_modules\.staging\metadata-json-3b6dc8af
190 verbose tar unpack C:\Users\stephen.mcfadden\AppData\Roaming\npm-cache\nan\2.6.2\package.tgz
191 verbose tar unpacking to C:\dev\git\jisc-rdss\rdss-canonical-data-model\node_modules\.staging\nan-6c99318a
192 silly gentlyRm C:\dev\git\jisc-rdss\rdss-canonical-data-model\node_modules\.staging\nan-6c99318a is being purged
193 verbose gentlyRm don't care about contents; nuking C:\dev\git\jisc-rdss\rdss-canonical-data-model\node_modules\.staging\nan-6c99318a
194 verbose tar unpack C:\Users\stephen.mcfadden\AppData\Roaming\npm-cache\canvas\1.3.12\package.tgz
195 verbose tar unpacking to C:\dev\git\jisc-rdss\rdss-canonical-data-model\node_modules\.staging\canvas-1c9ce562
196 silly gentlyRm C:\dev\git\jisc-rdss\rdss-canonical-data-model\node_modules\.staging\canvas-1c9ce562 is being purged
197 verbose gentlyRm don't care about contents; nuking C:\dev\git\jisc-rdss\rdss-canonical-data-model\node_modules\.staging\canvas-1c9ce562
198 verbose tar unpack C:\Users\stephen.mcfadden\AppData\Roaming\npm-cache\metadata-json\0.9.11\package.tgz
199 verbose tar unpacking to C:\dev\git\jisc-rdss\rdss-canonical-data-model\node_modules\.staging\metadata-json-3b6dc8af
200 silly gentlyRm C:\dev\git\jisc-rdss\rdss-canonical-data-model\node_modules\.staging\metadata-json-3b6dc8af is being purged
201 verbose gentlyRm don't care about contents; nuking C:\dev\git\jisc-rdss\rdss-canonical-data-model\node_modules\.staging\metadata-json-3b6dc8af
202 silly gunzTarPerm modes [ '777', '666' ]
203 silly gunzTarPerm modes [ '777', '666' ]
204 silly gunzTarPerm modes [ '777', '666' ]
205 silly gunzTarPerm extractEntry package.json
206 silly gunzTarPerm modified mode [ 'package.json', 436, 438 ]
207 silly gunzTarPerm extractEntry package.json
208 silly gunzTarPerm modified mode [ 'package.json', 420, 438 ]
209 silly gunzTarPerm extractEntry package.json
210 silly gunzTarPerm modified mode [ 'package.json', 420, 438 ]
211 silly gunzTarPerm extractEntry .npmignore
212 silly gunzTarPerm modified mode [ '.npmignore', 420, 438 ]
213 silly gunzTarPerm extractEntry README.md
214 silly gunzTarPerm modified mode [ 'README.md', 420, 438 ]
215 silly gunzTarPerm extractEntry README.md
216 silly gunzTarPerm modified mode [ 'README.md', 436, 438 ]
217 silly gunzTarPerm extractEntry include_dirs.js
218 silly gunzTarPerm modified mode [ 'include_dirs.js', 436, 438 ]
219 silly gunzTarPerm extractEntry .npmignore
220 silly gunzTarPerm modified mode [ '.npmignore', 420, 438 ]
221 silly gunzTarPerm extractEntry index.js
222 silly gunzTarPerm modified mode [ 'index.js', 420, 438 ]
223 silly gunzTarPerm extractEntry Readme.md
224 silly gunzTarPerm modified mode [ 'Readme.md', 420, 438 ]
225 silly gunzTarPerm extractEntry binding.gyp
226 silly gunzTarPerm modified mode [ 'binding.gyp', 493, 511 ]
227 silly gunzTarPerm extractEntry LICENSE
228 silly gunzTarPerm modified mode [ 'LICENSE', 420, 438 ]
229 silly gunzTarPerm extractEntry metadata-json.js
230 silly gunzTarPerm modified mode [ 'metadata-json.js', 420, 438 ]
231 silly gunzTarPerm extractEntry nan_converters_43_inl.h
232 silly gunzTarPerm modified mode [ 'nan_converters_43_inl.h', 436, 438 ]
233 silly gunzTarPerm extractEntry LICENSE.md
234 silly gunzTarPerm modified mode [ 'LICENSE.md', 436, 438 ]
235 silly gunzTarPerm extractEntry doc/new.md
236 silly gunzTarPerm modified mode [ 'doc/new.md', 436, 438 ]
237 silly gunzTarPerm extractEntry .travis.yml
238 silly gunzTarPerm modified mode [ '.travis.yml', 420, 438 ]
239 silly gunzTarPerm extractEntry flowchart/Flowchart-meta.js
240 silly gunzTarPerm modified mode [ 'flowchart/Flowchart-meta.js', 420, 438 ]
241 silly gunzTarPerm extractEntry doc/asyncworker.md
242 silly gunzTarPerm modified mode [ 'doc/asyncworker.md', 436, 438 ]
243 silly gunzTarPerm extractEntry flowchart/Flowchart.js
244 silly gunzTarPerm modified mode [ 'flowchart/Flowchart.js', 420, 438 ]
245 silly gunzTarPerm extractEntry erd/ERD-meta.js
246 silly gunzTarPerm modified mode [ 'erd/ERD-meta.js', 420, 438 ]
247 silly gunzTarPerm extractEntry lib/bindings.js
248 silly gunzTarPerm modified mode [ 'lib/bindings.js', 420, 438 ]
249 silly gunzTarPerm extractEntry lib/canvas.js
250 silly gunzTarPerm modified mode [ 'lib/canvas.js', 420, 438 ]
251 silly gunzTarPerm extractEntry erd/ERD-rules.js
252 silly gunzTarPerm modified mode [ 'erd/ERD-rules.js', 420, 438 ]
253 silly gunzTarPerm extractEntry erd/ERD.js
254 silly gunzTarPerm modified mode [ 'erd/ERD.js', 420, 438 ]
255 silly gunzTarPerm extractEntry doc/callback.md
256 silly gunzTarPerm modified mode [ 'doc/callback.md', 436, 438 ]
257 silly gunzTarPerm extractEntry doc/converters.md
258 silly gunzTarPerm modified mode [ 'doc/converters.md', 436, 438 ]
259 silly gunzTarPerm extractEntry lib/context2d.js
260 silly gunzTarPerm modified mode [ 'lib/context2d.js', 420, 438 ]
261 silly gunzTarPerm extractEntry lib/image.js
262 silly gunzTarPerm modified mode [ 'lib/image.js', 420, 438 ]
263 silly gunzTarPerm extractEntry doc/errors.md
264 silly gunzTarPerm modified mode [ 'doc/errors.md', 436, 438 ]
265 silly gunzTarPerm extractEntry doc/json.md
266 silly gunzTarPerm modified mode [ 'doc/json.md', 436, 438 ]
267 silly gunzTarPerm extractEntry examples/ex_bulk.js
268 silly gunzTarPerm modified mode [ 'examples/ex_bulk.js', 420, 438 ]
269 silly gunzTarPerm extractEntry examples/ex_canvas.js
270 silly gunzTarPerm modified mode [ 'examples/ex_canvas.js', 420, 438 ]
271 silly gunzTarPerm extractEntry lib/jpegstream.js
272 silly gunzTarPerm modified mode [ 'lib/jpegstream.js', 420, 438 ]
273 silly gunzTarPerm extractEntry lib/pngstream.js
274 silly gunzTarPerm modified mode [ 'lib/pngstream.js', 420, 438 ]
275 silly gunzTarPerm extractEntry doc/maybe_types.md
276 silly gunzTarPerm modified mode [ 'doc/maybe_types.md', 436, 438 ]
277 silly gunzTarPerm extractEntry doc/methods.md
278 silly gunzTarPerm modified mode [ 'doc/methods.md', 436, 438 ]
279 silly gunzTarPerm extractEntry History.md
280 silly gunzTarPerm modified mode [ 'History.md', 420, 438 ]
281 silly gunzTarPerm extractEntry src/Image.cc
282 silly gunzTarPerm modified mode [ 'src/Image.cc', 420, 438 ]
283 silly gunzTarPerm extractEntry doc/buffers.md
284 silly gunzTarPerm modified mode [ 'doc/buffers.md', 436, 438 ]
285 silly gunzTarPerm extractEntry doc/node_misc.md
286 silly gunzTarPerm modified mode [ 'doc/node_misc.md', 436, 438 ]
287 silly gunzTarPerm extractEntry examples/ex_html.js
288 silly gunzTarPerm modified mode [ 'examples/ex_html.js', 420, 438 ]
289 silly gunzTarPerm extractEntry examples/ex_image.js
290 silly gunzTarPerm modified mode [ 'examples/ex_image.js', 420, 438 ]
291 silly gunzTarPerm extractEntry examples/ex_load.js
292 silly gunzTarPerm modified mode [ 'examples/ex_load.js', 420, 438 ]
293 silly gunzTarPerm extractEntry src/Canvas.cc
294 silly gunzTarPerm modified mode [ 'src/Canvas.cc', 420, 438 ]
295 silly gunzTarPerm extractEntry src/CanvasGradient.cc
296 silly gunzTarPerm modified mode [ 'src/CanvasGradient.cc', 420, 438 ]
297 silly gunzTarPerm extractEntry examples/ex_pdf.js
298 silly gunzTarPerm modified mode [ 'examples/ex_pdf.js', 420, 438 ]
299 silly gunzTarPerm extractEntry examples/ex_render.js
300 silly gunzTarPerm modified mode [ 'examples/ex_render.js', 420, 438 ]
301 silly gunzTarPerm extractEntry doc/object_wrappers.md
302 silly gunzTarPerm modified mode [ 'doc/object_wrappers.md', 436, 438 ]
303 silly gunzTarPerm extractEntry doc/persistent.md
304 silly gunzTarPerm modified mode [ 'doc/persistent.md', 436, 438 ]
305 silly gunzTarPerm extractEntry examples/diagram_test.mdj
306 silly gunzTarPerm modified mode [ 'examples/diagram_test.mdj', 420, 438 ]
307 silly gunzTarPerm extractEntry src/CanvasGradient.h
308 silly gunzTarPerm modified mode [ 'src/CanvasGradient.h', 420, 438 ]
309 silly gunzTarPerm extractEntry src/CanvasPattern.cc
310 silly gunzTarPerm modified mode [ 'src/CanvasPattern.cc', 420, 438 ]
311 silly gunzTarPerm extractEntry doc/scopes.md
312 silly gunzTarPerm modified mode [ 'doc/scopes.md', 436, 438 ]
313 silly gunzTarPerm extractEntry doc/script.md
314 silly gunzTarPerm modified mode [ 'doc/script.md', 436, 438 ]
315 silly gunzTarPerm extractEntry src/CanvasPattern.h
316 silly gunzTarPerm modified mode [ 'src/CanvasPattern.h', 420, 438 ]
317 silly gunzTarPerm extractEntry src/CanvasRenderingContext2d.cc
318 silly gunzTarPerm modified mode [ 'src/CanvasRenderingContext2d.cc', 493, 511 ]
319 silly gunzTarPerm extractEntry doc/string_bytes.md
320 silly gunzTarPerm modified mode [ 'doc/string_bytes.md', 436, 438 ]
321 silly gunzTarPerm extractEntry doc/v8_internals.md
322 silly gunzTarPerm modified mode [ 'doc/v8_internals.md', 436, 438 ]
323 silly gunzTarPerm extractEntry doc/v8_misc.md
324 silly gunzTarPerm modified mode [ 'doc/v8_misc.md', 436, 438 ]
325 silly gunzTarPerm extractEntry nan.h
326 silly gunzTarPerm modified mode [ 'nan.h', 436, 438 ]
327 silly gunzTarPerm extractEntry src/CanvasRenderingContext2d.h
328 silly gunzTarPerm modified mode [ 'src/CanvasRenderingContext2d.h', 420, 438 ]
329 silly gunzTarPerm extractEntry src/FontFace.cc
330 silly gunzTarPerm modified mode [ 'src/FontFace.cc', 493, 511 ]
331 silly gunzTarPerm extractEntry nan_callbacks.h
332 silly gunzTarPerm modified mode [ 'nan_callbacks.h', 436, 438 ]
333 silly gunzTarPerm extractEntry nan_callbacks_12_inl.h
334 silly gunzTarPerm modified mode [ 'nan_callbacks_12_inl.h', 436, 438 ]
335 silly gunzTarPerm extractEntry src/FontFace.h
336 silly gunzTarPerm modified mode [ 'src/FontFace.h', 420, 438 ]
337 silly gunzTarPerm extractEntry src/Canvas.h
338 silly gunzTarPerm modified mode [ 'src/Canvas.h', 420, 438 ]
339 silly gunzTarPerm extractEntry examples/template.ejs
340 silly gunzTarPerm modified mode [ 'examples/template.ejs', 420, 438 ]
341 silly gunzTarPerm extractEntry nan_callbacks_pre_12_inl.h
342 silly gunzTarPerm modified mode [ 'nan_callbacks_pre_12_inl.h', 436, 438 ]
343 silly gunzTarPerm extractEntry nan_converters.h
344 silly gunzTarPerm modified mode [ 'nan_converters.h', 436, 438 ]
345 silly gunzTarPerm extractEntry examples/test.mdj
346 silly gunzTarPerm modified mode [ 'examples/test.mdj', 420, 438 ]
347 silly gunzTarPerm extractEntry nan_converters_pre_43_inl.h
348 silly gunzTarPerm modified mode [ 'nan_converters_pre_43_inl.h', 436, 438 ]
349 silly gunzTarPerm extractEntry src/Image.h
350 silly gunzTarPerm modified mode [ 'src/Image.h', 420, 438 ]
351 silly gunzTarPerm extractEntry src/ImageData.cc
352 silly gunzTarPerm modified mode [ 'src/ImageData.cc', 420, 438 ]
353 silly gunzTarPerm extractEntry nan_implementation_12_inl.h
354 silly gunzTarPerm modified mode [ 'nan_implementation_12_inl.h', 436, 438 ]
355 silly gunzTarPerm extractEntry nan_implementation_pre_12_inl.h
356 silly gunzTarPerm modified mode [ 'nan_implementation_pre_12_inl.h', 436, 438 ]
357 silly gunzTarPerm extractEntry nan_json.h
358 silly gunzTarPerm modified mode [ 'nan_json.h', 436, 438 ]
359 silly gunzTarPerm extractEntry lib/Font.js
360 silly gunzTarPerm modified mode [ 'lib/Font.js', 420, 438 ]
361 silly gunzTarPerm extractEntry nan_maybe_43_inl.h
362 silly gunzTarPerm modified mode [ 'nan_maybe_43_inl.h', 436, 438 ]
363 silly gunzTarPerm extractEntry lib/PDFGraphics.js
364 silly gunzTarPerm modified mode [ 'lib/PDFGraphics.js', 420, 438 ]
365 silly gunzTarPerm extractEntry src/ImageData.h
366 silly gunzTarPerm modified mode [ 'src/ImageData.h', 420, 438 ]
367 silly gunzTarPerm extractEntry src/JPEGStream.h
368 silly gunzTarPerm modified mode [ 'src/JPEGStream.h', 420, 438 ]
369 silly gunzTarPerm extractEntry src/PNG.h
370 silly gunzTarPerm modified mode [ 'src/PNG.h', 420, 438 ]
371 silly gunzTarPerm extractEntry src/Point.h
372 silly gunzTarPerm modified mode [ 'src/Point.h', 420, 438 ]
373 silly gunzTarPerm extractEntry lib/Unicode.js
374 silly gunzTarPerm modified mode [ 'lib/Unicode.js', 420, 438 ]
375 silly gunzTarPerm extractEntry lib/html.js
376 silly gunzTarPerm modified mode [ 'lib/html.js', 420, 438 ]
377 silly gunzTarPerm extractEntry lib/image.js
378 silly gunzTarPerm modified mode [ 'lib/image.js', 420, 438 ]
379 silly gunzTarPerm extractEntry lib/pdf.js
380 silly gunzTarPerm modified mode [ 'lib/pdf.js', 420, 438 ]
381 silly gunzTarPerm extractEntry nan_maybe_pre_43_inl.h
382 silly gunzTarPerm modified mode [ 'nan_maybe_pre_43_inl.h', 436, 438 ]
383 silly gunzTarPerm extractEntry nan_new.h
384 silly gunzTarPerm modified mode [ 'nan_new.h', 436, 438 ]
385 silly gunzTarPerm extractEntry src/closure.h
386 silly gunzTarPerm modified mode [ 'src/closure.h', 420, 438 ]
387 silly gunzTarPerm extractEntry src/color.cc
388 silly gunzTarPerm modified mode [ 'src/color.cc', 420, 438 ]
389 silly gunzTarPerm extractEntry lib/render.js
390 silly gunzTarPerm modified mode [ 'lib/render.js', 420, 438 ]
391 silly gunzTarPerm extractEntry test/test_font.js
392 silly gunzTarPerm modified mode [ 'test/test_font.js', 420, 438 ]
393 silly gunzTarPerm extractEntry nan_object_wrap.h
394 silly gunzTarPerm modified mode [ 'nan_object_wrap.h', 436, 438 ]
395 silly gunzTarPerm extractEntry nan_persistent_12_inl.h
396 silly gunzTarPerm modified mode [ 'nan_persistent_12_inl.h', 436, 438 ]
397 silly gunzTarPerm extractEntry src/color.h
398 silly gunzTarPerm modified mode [ 'src/color.h', 420, 438 ]
399 silly gunzTarPerm extractEntry src/init.cc
400 silly gunzTarPerm modified mode [ 'src/init.cc', 493, 511 ]
401 silly gunzTarPerm extractEntry test/test.js
402 silly gunzTarPerm modified mode [ 'test/test.js', 420, 438 ]
403 silly gunzTarPerm extractEntry test/test_html.js
404 silly gunzTarPerm modified mode [ 'test/test_html.js', 420, 438 ]
405 silly gunzTarPerm extractEntry nan_persistent_pre_12_inl.h
406 silly gunzTarPerm modified mode [ 'nan_persistent_pre_12_inl.h', 436, 438 ]
407 silly gunzTarPerm extractEntry nan_private.h
408 silly gunzTarPerm modified mode [ 'nan_private.h', 436, 438 ]
409 silly gunzTarPerm extractEntry util/has_lib.sh
410 silly gunzTarPerm modified mode [ 'util/has_lib.sh', 493, 511 ]
411 silly gunzTarPerm extractEntry test/test_image.js
412 silly gunzTarPerm modified mode [ 'test/test_image.js', 420, 438 ]
413 silly gunzTarPerm extractEntry test/test_pdf.js
414 silly gunzTarPerm modified mode [ 'test/test_pdf.js', 420, 438 ]
415 silly gunzTarPerm extractEntry nan_string_bytes.h
416 silly gunzTarPerm modified mode [ 'nan_string_bytes.h', 436, 438 ]
417 silly gunzTarPerm extractEntry nan_typedarray_contents.h
418 silly gunzTarPerm modified mode [ 'nan_typedarray_contents.h', 436, 438 ]
419 silly gunzTarPerm extractEntry test/test_unicode.js
420 silly gunzTarPerm modified mode [ 'test/test_unicode.js', 420, 438 ]
421 silly gunzTarPerm extractEntry test/FlowchartExample.mdj
422 silly gunzTarPerm modified mode [ 'test/FlowchartExample.mdj', 420, 438 ]
423 silly gunzTarPerm extractEntry nan_weak.h
424 silly gunzTarPerm modified mode [ 'nan_weak.h', 436, 438 ]
425 silly gunzTarPerm extractEntry CHANGELOG.md
426 silly gunzTarPerm modified mode [ 'CHANGELOG.md', 436, 438 ]
427 silly gunzTarPerm extractEntry test/UMLExamples.mdj
428 silly gunzTarPerm modified mode [ 'test/UMLExamples.mdj', 420, 438 ]
429 silly gunzTarPerm extractEntry tools/package.json
430 silly gunzTarPerm modified mode [ 'tools/package.json', 436, 438 ]
431 silly gunzTarPerm extractEntry tools/README.md
432 silly gunzTarPerm modified mode [ 'tools/README.md', 436, 438 ]
433 silly gunzTarPerm extractEntry tools/1to2.js
434 silly gunzTarPerm modified mode [ 'tools/1to2.js', 509, 511 ]
435 silly gunzTarPerm extractEntry test/diagram_pdf_test.mdj
436 silly gunzTarPerm modified mode [ 'test/diagram_pdf_test.mdj', 420, 438 ]
437 silly gunzTarPerm extractEntry test/ERDExample.mdj
438 silly gunzTarPerm modified mode [ 'test/ERDExample.mdj', 420, 438 ]
439 silly gunzTarPerm extractEntry test/test.mdj
440 silly gunzTarPerm modified mode [ 'test/test.mdj', 420, 438 ]
441 silly gunzTarPerm extractEntry test/unicode_diagram.mdj
442 silly gunzTarPerm modified mode [ 'test/unicode_diagram.mdj', 420, 438 ]
443 silly gunzTarPerm extractEntry test/unicode_diagram_kr.mdj
444 silly gunzTarPerm modified mode [ 'test/unicode_diagram_kr.mdj', 420, 438 ]
445 silly gunzTarPerm extractEntry core/Core-meta.js
446 silly gunzTarPerm modified mode [ 'core/Core-meta.js', 420, 438 ]
447 silly gunzTarPerm extractEntry core/Core.js
448 silly gunzTarPerm modified mode [ 'core/Core.js', 420, 438 ]
449 silly gunzTarPerm extractEntry core/Global.js
450 silly gunzTarPerm modified mode [ 'core/Global.js', 420, 438 ]
451 silly gunzTarPerm extractEntry core/Graphics.js
452 silly gunzTarPerm modified mode [ 'core/Graphics.js', 420, 438 ]
453 silly gunzTarPerm extractEntry core/IdGenerator.js
454 silly gunzTarPerm modified mode [ 'core/IdGenerator.js', 420, 438 ]
455 silly gunzTarPerm extractEntry core/Core-rules.js
456 silly gunzTarPerm modified mode [ 'core/Core-rules.js', 420, 438 ]
457 silly gunzTarPerm extractEntry core/OperationBuilder.js
458 silly gunzTarPerm modified mode [ 'core/OperationBuilder.js', 420, 438 ]
459 silly gunzTarPerm extractEntry core/PreferenceManager.js
460 silly gunzTarPerm modified mode [ 'core/PreferenceManager.js', 420, 438 ]
461 silly gunzTarPerm extractEntry core/Repository.js
462 silly gunzTarPerm modified mode [ 'core/Repository.js', 420, 438 ]
463 silly gunzTarPerm extractEntry core/Toolkit.js
464 silly gunzTarPerm modified mode [ 'core/Toolkit.js', 420, 438 ]
465 silly gunzTarPerm extractEntry core/Validator.js
466 silly gunzTarPerm modified mode [ 'core/Validator.js', 420, 438 ]
467 silly gunzTarPerm extractEntry core/MetaModelManager.js
468 silly gunzTarPerm modified mode [ 'core/MetaModelManager.js', 420, 438 ]
469 silly gunzTarPerm extractEntry resources/html/assets/css/bootstrap.css
470 silly gunzTarPerm modified mode [ 'resources/html/assets/css/bootstrap.css', 420, 438 ]
471 silly gunzTarPerm extractEntry resources/html/assets/css/icons.css
472 silly gunzTarPerm modified mode [ 'resources/html/assets/css/icons.css', 420, 438 ]
473 silly gunzTarPerm extractEntry resources/html/assets/css/icons.less
474 silly gunzTarPerm modified mode [ 'resources/html/assets/css/icons.less', 420, 438 ]
475 silly gunzTarPerm extractEntry resources/html/assets/css/jquery.bonsai.css
476 silly gunzTarPerm modified mode [ 'resources/html/assets/css/jquery.bonsai.css', 493, 511 ]
477 silly gunzTarPerm extractEntry resources/html/assets/css/main.css
478 silly gunzTarPerm modified mode [ 'resources/html/assets/css/main.css', 420, 438 ]
479 silly gunzTarPerm extractEntry resources/html/assets/css/variables.less
480 silly gunzTarPerm modified mode [ 'resources/html/assets/css/variables.less', 420, 438 ]
481 silly gunzTarPerm extractEntry resources/html/assets/icons/icons-vector-elements.svg
482 silly gunzTarPerm modified mode [ 'resources/html/assets/icons/icons-vector-elements.svg',
482 silly gunzTarPerm   420,
482 silly gunzTarPerm   438 ]
483 silly gunzTarPerm extractEntry resources/html/assets/img/glyphicons-halflings-white.png
484 silly gunzTarPerm modified mode [ 'resources/html/assets/img/glyphicons-halflings-white.png',
484 silly gunzTarPerm   420,
484 silly gunzTarPerm   438 ]
485 silly gunzTarPerm extractEntry resources/html/assets/img/glyphicons-halflings.png
486 silly gunzTarPerm modified mode [ 'resources/html/assets/img/glyphicons-halflings.png',
486 silly gunzTarPerm   420,
486 silly gunzTarPerm   438 ]
487 silly gunzTarPerm extractEntry resources/html/assets/js/bootstrap.js
488 silly gunzTarPerm modified mode [ 'resources/html/assets/js/bootstrap.js', 420, 438 ]
489 silly gunzTarPerm extractEntry resources/html/assets/js/jquery-2.1.0.min.js
490 silly gunzTarPerm modified mode [ 'resources/html/assets/js/jquery-2.1.0.min.js', 420, 438 ]
491 silly gunzTarPerm extractEntry resources/html/assets/js/jquery.bonsai.js
492 silly gunzTarPerm modified mode [ 'resources/html/assets/js/jquery.bonsai.js', 493, 511 ]
493 silly gunzTarPerm extractEntry resources/html/assets/js/less-1.7.0.min.js
494 silly gunzTarPerm modified mode [ 'resources/html/assets/js/less-1.7.0.min.js', 493, 511 ]
495 silly gunzTarPerm extractEntry resources/html/assets/js/main.js
496 silly gunzTarPerm modified mode [ 'resources/html/assets/js/main.js', 420, 438 ]
497 silly gunzTarPerm extractEntry resources/html/templates/content.ejs
498 silly gunzTarPerm modified mode [ 'resources/html/templates/content.ejs', 420, 438 ]
499 silly gunzTarPerm extractEntry resources/html/templates/diagrams.ejs
500 silly gunzTarPerm modified mode [ 'resources/html/templates/diagrams.ejs', 420, 438 ]
501 silly gunzTarPerm extractEntry resources/html/templates/element_index.ejs
502 silly gunzTarPerm modified mode [ 'resources/html/templates/element_index.ejs', 420, 438 ]
503 silly gunzTarPerm extractEntry resources/html/templates/head.ejs
504 silly gunzTarPerm modified mode [ 'resources/html/templates/head.ejs', 420, 438 ]
505 silly gunzTarPerm extractEntry resources/html/templates/index.ejs
506 silly gunzTarPerm modified mode [ 'resources/html/templates/index.ejs', 420, 438 ]
507 silly gunzTarPerm extractEntry resources/html/templates/list.ejs
508 silly gunzTarPerm modified mode [ 'resources/html/templates/list.ejs', 420, 438 ]
509 silly gunzTarPerm extractEntry resources/html/templates/navigation.ejs
510 silly gunzTarPerm modified mode [ 'resources/html/templates/navigation.ejs', 420, 438 ]
511 silly gunzTarPerm extractEntry resources/html/templates/node.ejs
512 silly gunzTarPerm modified mode [ 'resources/html/templates/node.ejs', 420, 438 ]
513 silly gunzTarPerm extractEntry resources/html/templates/properties.ejs
514 silly gunzTarPerm modified mode [ 'resources/html/templates/properties.ejs', 420, 438 ]
515 silly gunzTarPerm extractEntry uml/UML-meta.js
516 silly gunzTarPerm modified mode [ 'uml/UML-meta.js', 420, 438 ]
517 silly gunzTarPerm extractEntry uml/UML-rules.js
518 silly gunzTarPerm modified mode [ 'uml/UML-rules.js', 420, 438 ]
519 silly gunzTarPerm extractEntry uml/UML.js
520 silly gunzTarPerm modified mode [ 'uml/UML.js', 420, 438 ]
521 silly gunzTarPerm extractEntry uml/UMLDiagram.js
522 silly gunzTarPerm modified mode [ 'uml/UMLDiagram.js', 420, 438 ]
523 silly gentlyRm C:\dev\git\jisc-rdss\rdss-canonical-data-model\node_modules\.staging\canvas-1c9ce562\node_modules is being purged
524 verbose gentlyRm don't care about contents; nuking C:\dev\git\jisc-rdss\rdss-canonical-data-model\node_modules\.staging\canvas-1c9ce562\node_modules
525 silly gentlyRm C:\dev\git\jisc-rdss\rdss-canonical-data-model\node_modules\.staging\nan-6c99318a\node_modules is being purged
526 verbose gentlyRm don't care about contents; nuking C:\dev\git\jisc-rdss\rdss-canonical-data-model\node_modules\.staging\nan-6c99318a\node_modules
527 silly gentlyRm C:\dev\git\jisc-rdss\rdss-canonical-data-model\node_modules\.staging\metadata-json-3b6dc8af\node_modules is being purged
528 verbose gentlyRm don't care about contents; nuking C:\dev\git\jisc-rdss\rdss-canonical-data-model\node_modules\.staging\metadata-json-3b6dc8af\node_modules
529 silly doParallel preinstall 3
530 silly preinstall nan@2.6.2 C:\dev\git\jisc-rdss\rdss-canonical-data-model\node_modules\.staging\nan-6c99318a
531 info lifecycle nan@2.6.2~preinstall: nan@2.6.2
532 silly preinstall canvas@1.3.12 C:\dev\git\jisc-rdss\rdss-canonical-data-model\node_modules\.staging\canvas-1c9ce562
533 info lifecycle canvas@1.3.12~preinstall: canvas@1.3.12
534 silly preinstall metadata-json@0.9.11 C:\dev\git\jisc-rdss\rdss-canonical-data-model\node_modules\.staging\metadata-json-3b6dc8af
535 info lifecycle metadata-json@0.9.11~preinstall: metadata-json@0.9.11
536 silly lifecycle nan@2.6.2~preinstall: no script for preinstall, continuing
537 silly lifecycle canvas@1.3.12~preinstall: no script for preinstall, continuing
538 silly lifecycle metadata-json@0.9.11~preinstall: no script for preinstall, continuing
539 silly doReverseSerial remove 0
540 silly doSerial move 0
541 silly doSerial finalize 3
542 silly finalize C:\dev\git\jisc-rdss\rdss-canonical-data-model\node_modules\nan
543 silly finalize C:\dev\git\jisc-rdss\rdss-canonical-data-model\node_modules\canvas
544 silly finalize C:\dev\git\jisc-rdss\rdss-canonical-data-model\node_modules\metadata-json
545 silly doSerial build 3
546 silly build nan@2.6.2
547 info linkStuff nan@2.6.2
548 silly linkStuff nan@2.6.2 has C:\dev\git\jisc-rdss\rdss-canonical-data-model\node_modules as its parent node_modules
549 verbose linkBins nan@2.6.2
550 verbose linkMans nan@2.6.2
551 silly build canvas@1.3.12
552 info linkStuff canvas@1.3.12
553 silly linkStuff canvas@1.3.12 has C:\dev\git\jisc-rdss\rdss-canonical-data-model\node_modules as its parent node_modules
554 verbose linkBins canvas@1.3.12
555 verbose linkMans canvas@1.3.12
556 silly build metadata-json@0.9.11
557 info linkStuff metadata-json@0.9.11
558 silly linkStuff metadata-json@0.9.11 has C:\dev\git\jisc-rdss\rdss-canonical-data-model\node_modules as its parent node_modules
559 verbose linkBins metadata-json@0.9.11
560 verbose linkMans metadata-json@0.9.11
561 silly doSerial global-link 0
562 silly doParallel update-linked 0
563 silly doSerial install 3
564 silly install nan@2.6.2 C:\dev\git\jisc-rdss\rdss-canonical-data-model\node_modules\.staging\nan-6c99318a
565 info lifecycle nan@2.6.2~install: nan@2.6.2
566 silly lifecycle nan@2.6.2~install: no script for install, continuing
567 silly install canvas@1.3.12 C:\dev\git\jisc-rdss\rdss-canonical-data-model\node_modules\.staging\canvas-1c9ce562
568 info lifecycle canvas@1.3.12~install: canvas@1.3.12
569 verbose lifecycle canvas@1.3.12~install: unsafe-perm in lifecycle true
570 verbose lifecycle canvas@1.3.12~install: PATH: C:\Program Files\nodejs\node_modules\npm\bin\node-gyp-bin;C:\dev\git\jisc-rdss\rdss-canonical-data-model\node_modules\canvas\node_modules\.bin;C:\dev\git\jisc-rdss\rdss-canonical-data-model\node_modules\.bin;C:\Program Files\nodejs;C:\Program Files (x86)\Python36-32\Scripts\;C:\Program Files (x86)\Python36-32\;C:\Program Files (x86)\RSA SecurID Token Common;C:\Program Files\RSA SecurID Token Common;C:\ProgramData\Oracle\Java\javapath;C:\Windows\system32;C:\Windows;C:\Windows\System32\Wbem;C:\Windows\System32\WindowsPowerShell\v1.0\;C:\apache-maven-3.3.3\bin;C:\apache-ant-1.9.6\bin;C:\Program Files\nodejs\;C:\Windows\idmu\common;C:\Program Files\MySQL\MySQL Utilities 1.6\;C:\Program Files\Amazon\AWSCLI\;C:\Program Files\PuTTY\;C:\Users\stephen.mcfadden\AppData\Roaming\npm;C:\Program Files\Git\bin\git.exe;C:\Program Files\Git\cmd;C:\Program Files\Docker Toolbox
571 verbose lifecycle canvas@1.3.12~install: CWD: C:\dev\git\jisc-rdss\rdss-canonical-data-model\node_modules\canvas
572 silly lifecycle canvas@1.3.12~install: Args: [ '/d /s /c', 'node-gyp rebuild' ]
573 silly lifecycle canvas@1.3.12~install: Returned: code: 1  signal: null
574 info lifecycle canvas@1.3.12~install: Failed to exec install script
575 verbose unlock done using C:\Users\stephen.mcfadden\AppData\Roaming\npm-cache\_locks\staging-500752f70819daa3.lock for C:\dev\git\jisc-rdss\rdss-canonical-data-model\node_modules\.staging
576 silly rollbackFailedOptional Starting
577 silly rollbackFailedOptional Finishing
578 silly runTopLevelLifecycles Starting
579 silly runTopLevelLifecycles Finishing
580 silly install printInstalled
581 warn enoent ENOENT: no such file or directory, open 'C:\dev\git\jisc-rdss\rdss-canonical-data-model\package.json'
582 warn rdss-canonical-data-model No description
583 warn rdss-canonical-data-model No repository field.
584 warn rdss-canonical-data-model No README data
585 warn rdss-canonical-data-model No license field.
586 verbose stack Error: canvas@1.3.12 install: `node-gyp rebuild`
586 verbose stack Exit status 1
586 verbose stack     at EventEmitter.<anonymous> (C:\Program Files\nodejs\node_modules\npm\lib\utils\lifecycle.js:242:16)
586 verbose stack     at emitTwo (events.js:106:13)
586 verbose stack     at EventEmitter.emit (events.js:191:7)
586 verbose stack     at ChildProcess.<anonymous> (C:\Program Files\nodejs\node_modules\npm\lib\utils\spawn.js:40:14)
586 verbose stack     at emitTwo (events.js:106:13)
586 verbose stack     at ChildProcess.emit (events.js:191:7)
586 verbose stack     at maybeClose (internal/child_process.js:852:16)
586 verbose stack     at Process.ChildProcess._handle.onexit (internal/child_process.js:215:5)
587 verbose pkgid canvas@1.3.12
588 verbose cwd C:\dev\git\jisc-rdss\rdss-canonical-data-model
589 error Windows_NT 6.3.9600
590 error argv "C:\\Program Files\\nodejs\\node.exe" "C:\\Program Files\\nodejs\\node_modules\\npm\\bin\\npm-cli.js" "install" "metadata-json" "--python=c:\\dev\\Python27\\Python.exe"
591 error node v6.3.0
592 error npm  v3.10.3
593 error code ELIFECYCLE
594 error canvas@1.3.12 install: `node-gyp rebuild`
594 error Exit status 1
595 error Failed at the canvas@1.3.12 install script 'node-gyp rebuild'.
595 error Make sure you have the latest version of node.js and npm installed.
595 error If you do, this is most likely a problem with the canvas package,
595 error not with npm itself.
595 error Tell the author that this fails on your system:
595 error     node-gyp rebuild
595 error You can get information on how to open an issue for this project with:
595 error     npm bugs canvas
595 error Or if that isn't available, you can get their info via:
595 error     npm owner ls canvas
595 error There is likely additional logging output above.
596 verbose exit [ 1, true ]
